  FluidSimulatorApp.cpp
c:\users\otman\desktop\fluidsimulatorapp\fluidsimulatorapp\src\geometry\particle.h(13): warning C4305: 'initializing': truncation from 'double' to 'float'
c:\users\otman\desktop\fluidsimulatorapp\fluidsimulatorapp\src\canvas.h(180): warning C4244: 'argument': conversion from 'int' to 'float', possible loss of data
c:\users\otman\desktop\fluidsimulatorapp\fluidsimulatorapp\src\canvas.h(181): warning C4244: 'argument': conversion from 'int' to 'float', possible loss of data
c:\users\otman\desktop\fluidsimulatorapp\fluidsimulatorapp\src\velocityfield.h(35): warning C4267: 'argument': conversion from 'size_t' to 'unsigned int', possible loss of data
c:\users\otman\desktop\fluidsimulatorapp\fluidsimulatorapp\src\velocityfield.h(42): warning C4267: 'argument': conversion from 'size_t' to 'unsigned int', possible loss of data
c:\users\otman\desktop\fluidsimulatorapp\fluidsimulatorapp\src\velocityfield.h(168): warning C4267: 'argument': conversion from 'size_t' to 'unsigned int', possible loss of data
c:\users\otman\desktop\fluidsimulatorapp\fluidsimulatorapp\src\velocityfield.h(186): warning C4267: 'argument': conversion from 'size_t' to 'unsigned int', possible loss of data
c:\users\otman\desktop\fluidsimulatorapp\fluidsimulatorapp\src\tests\testgrid.h(67): warning C4244: '=': conversion from 'unsigned int' to 'float', possible loss of data
c:\users\otman\desktop\fluidsimulatorapp\fluidsimulatorapp\src\tests\testgrid.h(68): warning C4244: '=': conversion from 'unsigned int' to 'float', possible loss of data
c:\users\otman\desktop\fluidsimulatorapp\fluidsimulatorapp\src\tests\testgrid.h(90): warning C4244: '=': conversion from 'unsigned int' to 'float', possible loss of data
c:\users\otman\desktop\fluidsimulatorapp\fluidsimulatorapp\src\tests\testgrid.h(91): warning C4244: '=': conversion from 'unsigned int' to 'float', possible loss of data
c:\users\otman\desktop\fluidsimulatorapp\fluidsimulatorapp\src\tests\testgrid.h(103): warning C4244: '=': conversion from 'float' to 'int', possible loss of data
c:\users\otman\desktop\fluidsimulatorapp\fluidsimulatorapp\src\tests\testgrid.h(170): warning C4305: 'argument': truncation from 'double' to 'float'
c:\users\otman\desktop\fluidsimulatorapp\fluidsimulatorapp\src\tests\testgrid.h(272): warning C4244: 'argument': conversion from 'float' to 'int', possible loss of data
c:\users\otman\desktop\fluidsimulatorapp\fluidsimulatorapp\src\tests\testgrid.h(300): warning C4244: 'argument': conversion from 'float' to 'int', possible loss of data
c:\users\otman\desktop\fluidsimulatorapp\fluidsimulatorapp\src\tests\testgrid.h(369): warning C4101: 'l1': unreferenced local variable
c:\users\otman\desktop\fluidsimulatorapp\fluidsimulatorapp\src\tests\testgrid.h(369): warning C4101: 'l2': unreferenced local variable
c:\users\otman\desktop\fluidsimulatorapp\fluidsimulatorapp\src\tests\testgrid.h(601): warning C4244: 'argument': conversion from 'float' to 'int', possible loss of data
c:\users\otman\desktop\fluidsimulatorapp\fluidsimulatorapp\src\tests\testgrid.h(622): warning C4244: 'argument': conversion from 'float' to 'int', possible loss of data
c:\users\otman\desktop\fluidsimulatorapp\fluidsimulatorapp\src\tests\testgrid.h(630): warning C4244: 'argument': conversion from 'float' to 'int', possible loss of data
c:\users\otman\desktop\fluidsimulatorapp\fluidsimulatorapp\src\tests\testgrid.h(651): warning C4244: 'argument': conversion from 'float' to 'int', possible loss of data
c:\users\otman\desktop\fluidsimulatorapp\fluidsimulatorapp\src\fluidsimulatorapp.cpp(153): warning C4244: 'argument': conversion from 'double' to 'float', possible loss of data
c:\users\otman\desktop\fluidsimulatorapp\fluidsimulatorapp\src\geometry\grid.h(80): warning C4244: 'argument': conversion from 'float' to 'int', possible loss of data
  c:\users\otman\desktop\fluidsimulatorapp\fluidsimulatorapp\src\geometry\grid.h(73): note: while compiling class template member function 'void Grid2D<float>::handleUnknownValues(void)'
  c:\users\otman\desktop\fluidsimulatorapp\fluidsimulatorapp\src\velocityfield.h(406): note: see reference to function template instantiation 'void Grid2D<float>::handleUnknownValues(void)' being compiled
  c:\users\otman\desktop\fluidsimulatorapp\fluidsimulatorapp\src\velocityfield.h(79): note: see reference to class template instantiation 'Grid2D<float>' being compiled
c:\users\otman\desktop\fluidsimulatorapp\fluidsimulatorapp\src\geometry\grid.h(36): warning C4244: '=': conversion from 'int' to '_Ty', possible loss of data
          with
          [
              _Ty=float
          ]
  c:\users\otman\desktop\fluidsimulatorapp\fluidsimulatorapp\src\geometry\grid.h(35): note: while compiling class template member function 'void Grid2D<float>::setIndex(int,int,int)'
  c:\users\otman\desktop\fluidsimulatorapp\fluidsimulatorapp\src\tests\testgrid.h(272): note: see reference to function template instantiation 'void Grid2D<float>::setIndex(int,int,int)' being compiled
  FluidSimulatorApp.vcxproj -> C:\Users\Otman\Desktop\FluidSimulatorApp\x64\Debug\FluidSimulatorApp.exe
